<?xml version="1.0" encoding="UTF-8"?>
<!-- Generated by org.testng.reporters.JUnitXMLReporter -->
<testsuite ignored="0" hostname="PF1RW7XK" failures="1" tests="2" name="Test" time="29.602" errors="0" timestamp="2024-04-24T23:57:38 IST">
  <testcase classname="com.numadic.QAtests.TestCase1" name="careerPageScript" time="3.956">
    <skipped/>
  </testcase> <!-- careerPageScript -->
  <testcase classname="com.numadic.QAtests.TestCase1" name="careerPageScript" time="3.675">
    <failure type="org.openqa.selenium.ElementClickInterceptedException" message="element click intercepted: Element &amp;lt;span class=&amp;quot;lyteDropPlaceholderNormal&amp;quot;&amp;gt;...&amp;lt;/span&amp;gt; is not clickable at point (368, 537). Other element would receive the click: &amp;lt;p class=&amp;quot;cw-apply-note&amp;quot;&amp;gt;...&amp;lt;/p&amp;gt;
  (Session info: chrome=124.0.6367.61)
Build info: version: &amp;apos;4.19.1&amp;apos;, revision: &amp;apos;abe0ee07dc&amp;apos;
System info: os.name: &amp;apos;Windows 11&amp;apos;, os.arch: &amp;apos;amd64&amp;apos;, os.version: &amp;apos;10.0&amp;apos;, java.version: &amp;apos;17.0.8.1&amp;apos;
Driver info: org.openqa.selenium.chrome.ChromeDriver
Command: [85be14a55f71da1ce238faddad3ca2d4, clickElement {id=f.82C4D4A82E1C5086AD576DBFA078CC54.d.EB25E7AE59A6CD6DD70357A0622C8D46.e.90}]
Capabilities {acceptInsecureCerts: false, browserName: chrome, browserVersion: 124.0.6367.61, chrome: {chromedriverVersion: 124.0.6367.78 (a087f2dd364d..., userDataDir: C:\Users\61053553\AppData\L...}, fedcm:accounts: true, goog:chromeOptions: {debuggerAddress: localhost:62628}, networkConnectionEnabled: false, pageLoadStrategy: normal, platformName: windows, proxy: Proxy(), se:cdp: ws://localhost:62628/devtoo..., se:cdpVersion: 124.0.6367.61, setWindowRect: true, strictFileInteractability: false, timeouts: {implicit: 0, pageLoad: 300000, script: 30000}, unhandledPromptBehavior: dismiss and notify, webauthn:extension:credBlob: true, webauthn:extension:largeBlob: true, webauthn:extension:minPinLength: true, webauthn:extension:prf: true, webauthn:virtualAuthenticators: true}
Element: [[ChromeDriver: chrome on windows (85be14a55f71da1ce238faddad3ca2d4)] -&amp;gt; xpath: //lyte-drop-button[@data-zcqa=&amp;apos;manual_Salutation&amp;apos;]//span[@class=&amp;apos;lyteDropPlaceholderNormal&amp;apos;][normalize-space()=&amp;apos;-None-&amp;apos;]]
Session ID: 85be14a55f71da1ce238faddad3ca2d4">
      <![CDATA[org.openqa.selenium.ElementClickInterceptedException: element click intercepted: Element <span class="lyteDropPlaceholderNormal">...</span> is not clickable at point (368, 537). Other element would receive the click: <p class="cw-apply-note">...</p>
  (Session info: chrome=124.0.6367.61)
Build info: version: '4.19.1', revision: 'abe0ee07dc'
System info: os.name: 'Windows 11', os.arch: 'amd64', os.version: '10.0', java.version: '17.0.8.1'
Driver info: org.openqa.selenium.chrome.ChromeDriver
Command: [85be14a55f71da1ce238faddad3ca2d4, clickElement {id=f.82C4D4A82E1C5086AD576DBFA078CC54.d.EB25E7AE59A6CD6DD70357A0622C8D46.e.90}]
Capabilities {acceptInsecureCerts: false, browserName: chrome, browserVersion: 124.0.6367.61, chrome: {chromedriverVersion: 124.0.6367.78 (a087f2dd364d..., userDataDir: C:\Users\61053553\AppData\L...}, fedcm:accounts: true, goog:chromeOptions: {debuggerAddress: localhost:62628}, networkConnectionEnabled: false, pageLoadStrategy: normal, platformName: windows, proxy: Proxy(), se:cdp: ws://localhost:62628/devtoo..., se:cdpVersion: 124.0.6367.61, setWindowRect: true, strictFileInteractability: false, timeouts: {implicit: 0, pageLoad: 300000, script: 30000}, unhandledPromptBehavior: dismiss and notify, webauthn:extension:credBlob: true, webauthn:extension:largeBlob: true, webauthn:extension:minPinLength: true, webauthn:extension:prf: true, webauthn:virtualAuthenticators: true}
Element: [[ChromeDriver: chrome on windows (85be14a55f71da1ce238faddad3ca2d4)] -> xpath: //lyte-drop-button[@data-zcqa='manual_Salutation']//span[@class='lyteDropPlaceholderNormal'][normalize-space()='-None-']]
Session ID: 85be14a55f71da1ce238faddad3ca2d4
at org.openqa.selenium.remote.ErrorCodec.decode(ErrorCodec.java:167)
at org.openqa.selenium.remote.codec.w3c.W3CHttpResponseCodec.decode(W3CHttpResponseCodec.java:138)
at org.openqa.selenium.remote.codec.w3c.W3CHttpResponseCodec.decode(W3CHttpResponseCodec.java:50)
at org.openqa.selenium.remote.HttpCommandExecutor.execute(HttpCommandExecutor.java:190)
at org.openqa.selenium.remote.service.DriverCommandExecutor.invokeExecute(DriverCommandExecutor.java:216)
at org.openqa.selenium.remote.service.DriverCommandExecutor.execute(DriverCommandExecutor.java:174)
at org.openqa.selenium.remote.RemoteWebDriver.execute(RemoteWebDriver.java:518)
at org.openqa.selenium.remote.RemoteWebElement.execute(RemoteWebElement.java:223)
at org.openqa.selenium.remote.RemoteWebElement.click(RemoteWebElement.java:76)
at com.numadic.pageEvents.QAengineerPageEvents.basicInfo(QAengineerPageEvents.java:24)
at com.numadic.QAtests.TestCase1.careerPageScript(TestCase1.java:20)
at java.base/java.util.ArrayList.forEach(ArrayList.java:1511)
... Removed 32 stack frames]]>
    </failure>
  </testcase> <!-- careerPageScript -->
</testsuite> <!-- Test -->
